
Nov 28, 2024 14:39:15.71 NEW SESSION
Nov 28, 2024 14:39:15.71 [2856:13120:1128/143915.711:ERROR:registration_request.cc(291)] Registration response error message: DEPRECATED_ENDPOINT
Nov 28, 2024 14:39:16.50 Created TensorFlow Lite XNNPACK delegate for CPU.
Nov 28, 2024 14:39:16.50 Attempting to use a delegate that only supports static-sized tensors with a graph that has dynamic-sized tensors (tensor#-1 is a dynamic-sized tensor).
Nov 28, 2024 14:39:42.83 [2856:13120:1128/143942.838:ERROR:registration_request.cc(291)] Registration response error message: DEPRECATED_ENDPOINT

Nov 28, 2024 17:04:13.44 NEW SESSION
Nov 28, 2024 17:04:13.45 [20692:7972:1128/170413.439:ERROR:registration_request.cc(291)] Registration response error message: DEPRECATED_ENDPOINT
Nov 28, 2024 17:04:13.85 Created TensorFlow Lite XNNPACK delegate for CPU.
Nov 28, 2024 17:04:13.86 Attempting to use a delegate that only supports static-sized tensors with a graph that has dynamic-sized tensors (tensor#-1 is a dynamic-sized tensor).
Nov 28, 2024 17:04:43.83 Created TensorFlow Lite XNNPACK delegate for CPU.
Nov 28, 2024 17:04:43.83 Attempting to use a delegate that only supports static-sized tensors with a graph that has dynamic-sized tensors (tensor#-1 is a dynamic-sized tensor).
Nov 28, 2024 17:04:43.99 [19368:13356:1128/170443.997:ERROR:registration_request.cc(291)] Registration response error message: DEPRECATED_ENDPOINT
Nov 28, 2024 17:05:12.90 [19368:13356:1128/170512.901:ERROR:registration_request.cc(291)] Registration response error message: DEPRECATED_ENDPOINT
Nov 28, 2024 17:06:10.48 [19368:13356:1128/170610.486:ERROR:registration_request.cc(291)] Registration response error message: DEPRECATED_ENDPOINT
Nov 28, 2024 17:07:33.01 [19368:13356:1128/170733.013:ERROR:registration_request.cc(291)] Registration response error message: DEPRECATED_ENDPOINT
Nov 28, 2024 17:11:31.06 [19368:13356:1128/171131.068:ERROR:registration_request.cc(291)] Registration response error message: DEPRECATED_ENDPOINT
Nov 28, 2024 17:17:53.83 [19368:13356:1128/171753.837:ERROR:registration_request.cc(291)] Registration response error message: DEPRECATED_ENDPOINT
Nov 28, 2024 17:42:23.76 [19892:21180:1128/174223.765:ERROR:registration_request.cc(291)] Registration response error message: DEPRECATED_ENDPOINT
Nov 28, 2024 17:42:24.19 Created TensorFlow Lite XNNPACK delegate for CPU.
Nov 28, 2024 17:42:24.19 Attempting to use a delegate that only supports static-sized tensors with a graph that has dynamic-sized tensors (tensor#-1 is a dynamic-sized tensor).
Nov 28, 2024 17:42:49.84 [19892:21180:1128/174249.849:ERROR:registration_request.cc(291)] Registration response error message: DEPRECATED_ENDPOINT
Nov 28, 2024 17:43:37.37 [19892:21180:1128/174337.376:ERROR:registration_request.cc(291)] Registration response error message: DEPRECATED_ENDPOINT
Nov 28, 2024 17:45:16.84 [19892:21180:1128/174516.839:ERROR:registration_request.cc(291)] Registration response error message: DEPRECATED_ENDPOINT

Nov 29, 2024 24:56:36.50 NEW SESSION
Nov 29, 2024 24:56:36.51 [19540:22220:1129/005636.499:ERROR:registration_request.cc(291)] Registration response error message: DEPRECATED_ENDPOINT
Nov 29, 2024 24:56:36.76 Created TensorFlow Lite XNNPACK delegate for CPU.
Nov 29, 2024 24:56:36.77 Attempting to use a delegate that only supports static-sized tensors with a graph that has dynamic-sized tensors (tensor#-1 is a dynamic-sized tensor).
Nov 29, 2024 01:13:20.04 [5704:14216:1129/011320.039:ERROR:registration_request.cc(291)] Registration response error message: DEPRECATED_ENDPOINT
Nov 29, 2024 01:13:20.11 Created TensorFlow Lite XNNPACK delegate for CPU.
Nov 29, 2024 01:13:20.12 Attempting to use a delegate that only supports static-sized tensors with a graph that has dynamic-sized tensors (tensor#-1 is a dynamic-sized tensor).
Nov 29, 2024 01:13:46.87 [5704:14216:1129/011346.871:ERROR:registration_request.cc(291)] Registration response error message: DEPRECATED_ENDPOINT
Nov 29, 2024 01:14:44.82 [5704:14216:1129/011444.824:ERROR:registration_request.cc(291)] Registration response error message: DEPRECATED_ENDPOINT
Nov 29, 2024 01:17:21.35 Created TensorFlow Lite XNNPACK delegate for CPU.
Nov 29, 2024 01:17:21.36 Attempting to use a delegate that only supports static-sized tensors with a graph that has dynamic-sized tensors (tensor#-1 is a dynamic-sized tensor).
Nov 29, 2024 01:17:21.60 [16720:7652:1129/011721.602:ERROR:registration_request.cc(291)] Registration response error message: DEPRECATED_ENDPOINT
Nov 29, 2024 01:22:47.96 [4756:13428:1129/012247.964:ERROR:registration_request.cc(291)] Registration response error message: DEPRECATED_ENDPOINT
Nov 29, 2024 01:22:48.59 Created TensorFlow Lite XNNPACK delegate for CPU.
Nov 29, 2024 01:22:48.59 Attempting to use a delegate that only supports static-sized tensors with a graph that has dynamic-sized tensors (tensor#-1 is a dynamic-sized tensor).
Nov 29, 2024 01:23:12.73 [4756:13428:1129/012312.737:ERROR:registration_request.cc(291)] Registration response error message: DEPRECATED_ENDPOINT
Nov 29, 2024 01:24:13.22 Created TensorFlow Lite XNNPACK delegate for CPU.
Nov 29, 2024 01:24:13.23 Attempting to use a delegate that only supports static-sized tensors with a graph that has dynamic-sized tensors (tensor#-1 is a dynamic-sized tensor).
Nov 29, 2024 01:24:13.46 [21600:13392:1129/012413.468:ERROR:registration_request.cc(291)] Registration response error message: DEPRECATED_ENDPOINT
Nov 29, 2024 01:24:37.03 [21600:13392:1129/012437.029:ERROR:registration_request.cc(291)] Registration response error message: DEPRECATED_ENDPOINT

Nov 29, 2024 17:38:57.13 NEW SESSION
Nov 29, 2024 17:38:57.15 [7584:16488:1129/173857.131:ERROR:registration_request.cc(291)] Registration response error message: DEPRECATED_ENDPOINT
Nov 29, 2024 17:38:57.45 Created TensorFlow Lite XNNPACK delegate for CPU.
Nov 29, 2024 17:38:57.45 Attempting to use a delegate that only supports static-sized tensors with a graph that has dynamic-sized tensors (tensor#-1 is a dynamic-sized tensor).
Nov 29, 2024 17:39:25.99 [7584:16488:1129/173925.997:ERROR:registration_request.cc(291)] Registration response error message: DEPRECATED_ENDPOINT
Nov 29, 2024 17:40:19.93 [7584:16488:1129/174019.933:ERROR:registration_request.cc(291)] Registration response error message: DEPRECATED_ENDPOINT
Nov 29, 2024 17:42:13.46 [7584:16488:1129/174213.468:ERROR:registration_request.cc(291)] Registration response error message: DEPRECATED_ENDPOINT

Dec 03, 2024 14:06:29.35 NEW SESSION
Dec 03, 2024 14:06:29.37 [20124:21100:1203/140629.352:ERROR:registration_request.cc(291)] Registration response error message: DEPRECATED_ENDPOINT
Dec 03, 2024 14:06:30.45 Created TensorFlow Lite XNNPACK delegate for CPU.
Dec 03, 2024 14:06:30.49 Attempting to use a delegate that only supports static-sized tensors with a graph that has dynamic-sized tensors (tensor#-1 is a dynamic-sized tensor).
Dec 03, 2024 14:06:58.73 [20124:21100:1203/140658.737:ERROR:registration_request.cc(291)] Registration response error message: DEPRECATED_ENDPOINT
Dec 03, 2024 14:07:40.33 [20124:21100:1203/140740.335:ERROR:registration_request.cc(291)] Registration response error message: DEPRECATED_ENDPOINT
Dec 03, 2024 14:09:13.97 [20124:21100:1203/140913.974:ERROR:registration_request.cc(291)] Registration response error message: DEPRECATED_ENDPOINT
Dec 03, 2024 14:13:06.92 [20124:21100:1203/141306.929:ERROR:registration_request.cc(291)] Registration response error message: DEPRECATED_ENDPOINT
Dec 03, 2024 14:20:52.07 [20124:21100:1203/142052.079:ERROR:registration_request.cc(291)] Registration response error message: DEPRECATED_ENDPOINT
Dec 03, 2024 14:33:07.61 [3748:18840:1203/143307.615:ERROR:registration_request.cc(274)] Registration URL fetching failed.
Dec 03, 2024 14:33:08.81 Created TensorFlow Lite XNNPACK delegate for CPU.
Dec 03, 2024 14:33:08.82 Attempting to use a delegate that only supports static-sized tensors with a graph that has dynamic-sized tensors (tensor#-1 is a dynamic-sized tensor).
Dec 03, 2024 14:33:37.03 [3748:18840:1203/143337.032:ERROR:registration_request.cc(274)] Registration URL fetching failed.
Dec 03, 2024 14:34:24.40 [3748:18840:1203/143424.401:ERROR:registration_request.cc(274)] Registration URL fetching failed.
Dec 03, 2024 14:35:43.07 [3748:3244:1203/143543.076:ERROR:CONSOLE(1)] "Uncaught (in promise) SyntaxError: Unexpected token 'H', "HTTP/1.1 4"... is not valid JSON", source: devtools://devtools/bundled/devtools_app.html?remoteBase=https://chrome-devtools-frontend.appspot.com/serve_file/@ee338c5c68e930761e15c97f5af9d8a082271a88/&targetType=tab&can_dock=true&panel=elements (1)
Dec 03, 2024 14:36:23.80 [3748:18840:1203/143623.808:ERROR:registration_request.cc(274)] Registration URL fetching failed.
Dec 03, 2024 14:38:50.95 [3748:3244:1203/143850.950:ERROR:CONSOLE(1)] "Unknown VE context: elements.css-hint    at bo.createPopover (devtools://devtools/bundled/devtools-frontend/front_end/ui/legacy/legacy.js:3:30640)
Dec 03, 2024 14:38:50.95     at bo.showPopover (devtools://devtools/bundled/devtools-frontend/front_end/ui/legacy/legacy.js:3:33621)
Dec 03, 2024 14:38:50.95     at devtools://devtools/bundled/devtools-frontend/front_end/ui/legacy/legacy.js:3:33218", source: devtools://devtools/bundled/devtools-frontend/front_end/ui/visual_logging/visual_logging.js (1)
Dec 03, 2024 14:39:31.91 [3748:18840:1203/143931.915:ERROR:registration_request.cc(274)] Registration URL fetching failed.
Dec 03, 2024 14:41:00.28 [3748:3244:1203/144100.288:ERROR:CONSOLE(1)] "Uncaught (in promise) SyntaxError: Unexpected token 'H', "HTTP/1.1 4"... is not valid JSON", source: devtools://devtools/bundled/devtools_app.html?remoteBase=https://chrome-devtools-frontend.appspot.com/serve_file/@ee338c5c68e930761e15c97f5af9d8a082271a88/&targetType=tab&can_dock=true&panel=elements (1)

Dec 04, 2024 14:50:35.52 NEW SESSION
Dec 04, 2024 14:50:35.53 [8212:15164:1204/145035.523:ERROR:registration_request.cc(291)] Registration response error message: DEPRECATED_ENDPOINT
Dec 04, 2024 14:50:37.18 Created TensorFlow Lite XNNPACK delegate for CPU.
Dec 04, 2024 14:50:37.32 Attempting to use a delegate that only supports static-sized tensors with a graph that has dynamic-sized tensors (tensor#-1 is a dynamic-sized tensor).
Dec 04, 2024 14:51:01.41 [8212:15164:1204/145101.412:ERROR:registration_request.cc(291)] Registration response error message: DEPRECATED_ENDPOINT
Dec 04, 2024 14:51:57.42 [8212:15164:1204/145157.425:ERROR:registration_request.cc(291)] Registration response error message: DEPRECATED_ENDPOINT
